ninja: Entering directory `C:\Users\ADMIN\Desktop\Github\AiyaEffectsAndroid\AiyaEffectSDK\AyFaceTrack\.cxx\Debug\p62404q6\arm64-v8a'
[1/2] Building CXX object CMakeFiles/AyFaceTrackJni.dir/src/main/cpp/AyFaceTrack_jni.cpp.o
[2/2] Linking CXX shared library ..\..\..\..\build\intermediates\cxx\Debug\p62404q6\obj\arm64-v8a\libAyFaceTrackJni.so
FAILED: ../../../../build/intermediates/cxx/Debug/p62404q6/obj/arm64-v8a/libAyFaceTrackJni.so 
cmd.exe /C "cd . && C:\Android\Sdk\ndk\21.4.7075529\toolchains\llvm\prebuilt\windows-x86_64\bin\clang++.exe --target=aarch64-none-linux-android21 --gcc-toolchain=C:/Android/Sdk/ndk/21.4.7075529/toolchains/llvm/prebuilt/windows-x86_64 --sysroot=C:/Android/Sdk/ndk/21.4.7075529/toolchains/llvm/prebuilt/windows-x86_64/sysroot -fPIC -g -DANDROID -fdata-sections -ffunction-sections -funwind-tables -fstack-protector-strong -no-canonical-prefixes -D_FORTIFY_SOURCE=2 -Wformat -Werror=format-security  -std=c++11 -frtti -fexceptions -O0 -fno-limit-debug-info  -Wl,--exclude-libs,libgcc.a -Wl,--exclude-libs,libgcc_real.a -Wl,--exclude-libs,libatomic.a -static-libstdc++ -Wl,--build-id -Wl,--fatal-warnings -Wl,--no-undefined -Qunused-arguments -shared -Wl,-soname,libAyFaceTrackJni.so -o ..\..\..\..\build\intermediates\cxx\Debug\p62404q6\obj\arm64-v8a\libAyFaceTrackJni.so CMakeFiles/AyFaceTrackJni.dir/src/main/cpp/AyFaceTrack_jni.cpp.o -LC:/Users/ADMIN/Desktop/Github/AiyaEffectsAndroid/AiyaEffectSDK/AyFaceTrack/../AyCore/libs/arm64-v8a   -LC:/Users/ADMIN/Desktop/Github/AiyaEffectsAndroid/AiyaEffectSDK/AyFaceTrack/../AyFaceTrack/libs/arm64-v8a -lAyCoreSdk  -laftk  -lsimd  -llog  -latomic -lm && cd ."
CMakeFiles/AyFaceTrackJni.dir/src/main/cpp/AyFaceTrack_jni.cpp.o: In function `__compressed_pair_elem<const char *&, 0>':
C:/Android/Sdk/ndk/21.4.7075529/toolchains/llvm/prebuilt/windows-x86_64/sysroot/usr/include/c++/v1/memory:2155: undefined reference to `AiyaTrack::FaceTrack::FaceTrack(std::__ndk1::basic_string<char, std::__ndk1::char_traits<char>, std::__ndk1::allocator<char> > const&)'
clang++: error: linker command failed with exit code 1 (use -v to see invocation)
ninja: build stopped: subcommand failed.
