ninja: Entering directory `C:\Users\ADMIN\Desktop\Github\AiyaEffectsAndroid\AiyaEffectSDK\AyFaceTrack\.cxx\Debug\p62404q6\armeabi-v7a'
[1/2] Building CXX object CMakeFiles/AyFaceTrackJni.dir/src/main/cpp/AyFaceTrack_jni.cpp.o
[2/2] Linking CXX shared library ..\..\..\..\build\intermediates\cxx\Debug\p62404q6\obj\armeabi-v7a\libAyFaceTrackJni.so
FAILED: ../../../../build/intermediates/cxx/Debug/p62404q6/obj/armeabi-v7a/libAyFaceTrackJni.so 
cmd.exe /C "cd . && C:\Android\Sdk\ndk\21.4.7075529\toolchains\llvm\prebuilt\windows-x86_64\bin\clang++.exe --target=armv7-none-linux-androideabi17 --gcc-toolchain=C:/Android/Sdk/ndk/21.4.7075529/toolchains/llvm/prebuilt/windows-x86_64 --sysroot=C:/Android/Sdk/ndk/21.4.7075529/toolchains/llvm/prebuilt/windows-x86_64/sysroot -fPIC -g -DANDROID -fdata-sections -ffunction-sections -funwind-tables -fstack-protector-strong -no-canonical-prefixes -D_FORTIFY_SOURCE=2 -march=armv7-a -mthumb -Wformat -Werror=format-security  -std=c++11 -frtti -fexceptions -O0 -fno-limit-debug-info  -Wl,--exclude-libs,libgcc.a -Wl,--exclude-libs,libgcc_real.a -Wl,--exclude-libs,libatomic.a -static-libstdc++ -Wl,--build-id -Wl,--fatal-warnings -Wl,--exclude-libs,libunwind.a -Wl,--no-undefined -Qunused-arguments -shared -Wl,-soname,libAyFaceTrackJni.so -o ..\..\..\..\build\intermediates\cxx\Debug\p62404q6\obj\armeabi-v7a\libAyFaceTrackJni.so CMakeFiles/AyFaceTrackJni.dir/src/main/cpp/AyFaceTrack_jni.cpp.o -LC:/Users/ADMIN/Desktop/Github/AiyaEffectsAndroid/AiyaEffectSDK/AyFaceTrack/../AyCore/libs/armeabi-v7a   -LC:/Users/ADMIN/Desktop/Github/AiyaEffectsAndroid/AiyaEffectSDK/AyFaceTrack/../AyFaceTrack/libs/armeabi-v7a -lAyCoreSdk  -laftk  -lsimd  -llog  -latomic -lm && cd ."
C:/Android/Sdk/ndk/21.4.7075529/toolchains/llvm/prebuilt/windows-x86_64/sysroot/usr/include/c++/v1/memory:2155: error: undefined reference to 'AiyaTrack::FaceTrack::FaceTrack(std::__ndk1::basic_string<char, std::__ndk1::char_traits<char>, std::__ndk1::allocator<char> > const&)'
clang++: error: linker command failed with exit code 1 (use -v to see invocation)
ninja: build stopped: subcommand failed.
